# JRE version: OpenJDK Runtime Environment Temurin-21.0.10+7 (21.0.10+7) (build 21.0.10+7-LTS)
# Java VM: OpenJDK 64-Bit Server VM Temurin-21.0.10+7 (21.0.10+7-LTS, mixed mode, sharing, tiered, compressed oops, compressed class ptrs, parallel gc, windows-amd64)
GC Precious Log:
 CardTable entry size: 512
 CPUs: 12 total, 12 available
 Memory: 16068M
 Large Page Support: Disabled
 NUMA Support: Disabled
 Compressed Oops: Enabled (32-bit)
 Alignments: Space 512K, Generation 512K, Heap 2M
 Heap Min Capacity: 100M
 Heap Initial Capacity: 100M
 Heap Max Capacity: 2G
 Pre-touch: Disabled
 Parallel Workers: 10
Heap:
 PSYoungGen      total 20992K, used 2285K [0x00000000d5580000, 0x00000000d6b00000, 0x0000000100000000)
  eden space 19968K, 6% used [0x00000000d5580000,0x00000000d56db5f8,0x00000000d6900000)
  from space 1024K, 87% used [0x00000000d6900000,0x00000000d69e0000,0x00000000d6a00000)
  to   space 1024K, 0% used [0x00000000d6a00000,0x00000000d6a00000,0x00000000d6b00000)
 ParOldGen       total 68608K, used 29787K [0x0000000080000000, 0x0000000084300000, 0x00000000d5580000)
  object space 68608K, 43% used [0x0000000080000000,0x0000000081d16e78,0x0000000084300000)
 Metaspace       used 38876K, committed 39872K, reserved 1114112K
  class space    used 3931K, committed 4416K, reserved 1048576K
GC Heap History (20 events):
Event: 7.450 GC heap after
{Heap after GC invocations=13 (full 1):
 PSYoungGen      total 23040K, used 2545K [0x00000000d5580000, 0x00000000d7600000, 0x0000000100000000)
  eden space 20480K, 0% used [0x00000000d5580000,0x00000000d5580000,0x00000000d6980000)
  from space 2560K, 99% used [0x00000000d6f00000,0x00000000d717c450,0x00000000d7180000)
  to   space 5632K, 0% used [0x00000000d6980000,0x00000000d6980000,0x00000000d6f00000)
 ParOldGen       total 68608K, used 19407K [0x0000000080000000, 0x0000000084300000, 0x00000000d5580000)
  object space 68608K, 28% used [0x0000000080000000,0x00000000812f3e48,0x0000000084300000)
 Metaspace       used 32434K, committed 33408K, reserved 1114112K
  class space    used 3286K, committed 3712K, reserved 1048576K
}
Event: 7.542 GC heap before
{Heap before GC invocations=14 (full 1):
 PSYoungGen      total 23040K, used 22895K [0x00000000d5580000, 0x00000000d7600000, 0x0000000100000000)
  eden space 20480K, 99% used [0x00000000d5580000,0x00000000d695fa58,0x00000000d6980000)
  from space 2560K, 99% used [0x00000000d6f00000,0x00000000d717c450,0x00000000d7180000)
  to   space 5632K, 0% used [0x00000000d6980000,0x00000000d6980000,0x00000000d6f00000)
 ParOldGen       total 68608K, used 19407K [0x0000000080000000, 0x0000000084300000, 0x00000000d5580000)
  object space 68608K, 28% used [0x0000000080000000,0x00000000812f3e48,0x0000000084300000)
 Metaspace       used 32514K, committed 33536K, reserved 1114112K
  class space    used 3296K, committed 3776K, reserved 1048576K
}
Event: 7.547 GC heap after
{Heap after GC invocations=14 (full 1):
 PSYoungGen      total 23040K, used 2402K [0x00000000d5580000, 0x00000000d7080000, 0x0000000100000000)
  eden space 20480K, 0% used [0x00000000d5580000,0x00000000d5580000,0x00000000d6980000)
  from space 2560K, 93% used [0x00000000d6980000,0x00000000d6bd8800,0x00000000d6c00000)
  to   space 3584K, 0% used [0x00000000d6d00000,0x00000000d6d00000,0x00000000d7080000)
 ParOldGen       total 68608K, used 21785K [0x0000000080000000, 0x0000000084300000, 0x00000000d5580000)
  object space 68608K, 31% used [0x0000000080000000,0x0000000081546550,0x0000000084300000)
 Metaspace       used 32514K, committed 33536K, reserved 1114112K
  class space    used 3296K, committed 3776K, reserved 1048576K
}
Event: 7.634 GC heap before
{Heap before GC invocations=15 (full 1):
 PSYoungGen      total 23040K, used 22882K [0x00000000d5580000, 0x00000000d7080000, 0x0000000100000000)
  eden space 20480K, 100% used [0x00000000d5580000,0x00000000d6980000,0x00000000d6980000)
  from space 2560K, 93% used [0x00000000d6980000,0x00000000d6bd8800,0x00000000d6c00000)
  to   space 3584K, 0% used [0x00000000d6d00000,0x00000000d6d00000,0x00000000d7080000)
 ParOldGen       total 68608K, used 21785K [0x0000000080000000, 0x0000000084300000, 0x00000000d5580000)
  object space 68608K, 31% used [0x0000000080000000,0x0000000081546550,0x0000000084300000)
 Metaspace       used 32542K, committed 33536K, reserved 1114112K
  class space    used 3296K, committed 3776K, reserved 1048576K
}
Event: 7.639 GC heap after
{Heap after GC invocations=15 (full 1):
 PSYoungGen      total 23040K, used 2436K [0x00000000d5580000, 0x00000000d6f80000, 0x0000000100000000)
  eden space 20480K, 0% used [0x00000000d5580000,0x00000000d5580000,0x00000000d6980000)
  from space 2560K, 95% used [0x00000000d6d00000,0x00000000d6f61000,0x00000000d6f80000)
  to   space 3072K, 0% used [0x00000000d6980000,0x00000000d6980000,0x00000000d6c80000)
 ParOldGen       total 68608K, used 23936K [0x0000000080000000, 0x0000000084300000, 0x00000000d5580000)
  object space 68608K, 34% used [0x0000000080000000,0x0000000081760360,0x0000000084300000)
 Metaspace       used 32542K, committed 33536K, reserved 1114112K
  class space    used 3296K, committed 3776K, reserved 1048576K
}
Event: 7.742 GC heap before
{Heap before GC invocations=16 (full 1):
 PSYoungGen      total 23040K, used 22916K [0x00000000d5580000, 0x00000000d6f80000, 0x0000000100000000)
  eden space 20480K, 100% used [0x00000000d5580000,0x00000000d6980000,0x00000000d6980000)
  from space 2560K, 95% used [0x00000000d6d00000,0x00000000d6f61000,0x00000000d6f80000)
  to   space 3072K, 0% used [0x00000000d6980000,0x00000000d6980000,0x00000000d6c80000)
 ParOldGen       total 68608K, used 23936K [0x0000000080000000, 0x0000000084300000, 0x00000000d5580000)
  object space 68608K, 34% used [0x0000000080000000,0x0000000081760360,0x0000000084300000)
 Metaspace       used 32633K, committed 33664K, reserved 1114112K
  class space    used 3296K, committed 3776K, reserved 1048576K
}
Event: 7.746 GC heap after
{Heap after GC invocations=16 (full 1):
 PSYoungGen      total 23040K, used 2400K [0x00000000d5580000, 0x00000000d6e80000, 0x0000000100000000)
  eden space 20480K, 0% used [0x00000000d5580000,0x00000000d5580000,0x00000000d6980000)
  from space 2560K, 93% used [0x00000000d6980000,0x00000000d6bd8010,0x00000000d6c00000)
  to   space 2560K, 0% used [0x00000000d6c00000,0x00000000d6c00000,0x00000000d6e80000)
 ParOldGen       total 68608K, used 26226K [0x0000000080000000, 0x0000000084300000, 0x00000000d5580000)
  object space 68608K, 38% used [0x0000000080000000,0x000000008199c888,0x0000000084300000)
 Metaspace       used 32633K, committed 33664K, reserved 1114112K
  class space    used 3296K, committed 3776K, reserved 1048576K
}
Event: 7.902 GC heap before
{Heap before GC invocations=17 (full 1):
 PSYoungGen      total 23040K, used 22880K [0x00000000d5580000, 0x00000000d6e80000, 0x0000000100000000)
  eden space 20480K, 100% used [0x00000000d5580000,0x00000000d6980000,0x00000000d6980000)
  from space 2560K, 93% used [0x00000000d6980000,0x00000000d6bd8010,0x00000000d6c00000)
  to   space 2560K, 0% used [0x00000000d6c00000,0x00000000d6c00000,0x00000000d6e80000)
 ParOldGen       total 68608K, used 26226K [0x0000000080000000, 0x0000000084300000, 0x00000000d5580000)
  object space 68608K, 38% used [0x0000000080000000,0x000000008199c888,0x0000000084300000)
 Metaspace       used 32953K, committed 33920K, reserved 1114112K
  class space    used 3343K, committed 3776K, reserved 1048576K
}
Event: 7.907 GC heap after
{Heap after GC invocations=17 (full 1):
 PSYoungGen      total 23040K, used 2009K [0x00000000d5580000, 0x00000000d6e80000, 0x0000000100000000)
  eden space 20480K, 0% used [0x00000000d5580000,0x00000000d5580000,0x00000000d6980000)
  from space 2560K, 78% used [0x00000000d6c00000,0x00000000d6df6760,0x00000000d6e80000)
  to   space 2560K, 0% used [0x00000000d6980000,0x00000000d6980000,0x00000000d6c00000)
 ParOldGen       total 68608K, used 28498K [0x0000000080000000, 0x0000000084300000, 0x00000000d5580000)
  object space 68608K, 41% used [0x0000000080000000,0x0000000081bd4898,0x0000000084300000)
 Metaspace       used 32953K, committed 33920K, reserved 1114112K
  class space    used 3343K, committed 3776K, reserved 1048576K
}
Event: 8.178 GC heap before
{Heap before GC invocations=18 (full 1):
 PSYoungGen      total 23040K, used 13213K [0x00000000d5580000, 0x00000000d6e80000, 0x0000000100000000)
  eden space 20480K, 54% used [0x00000000d5580000,0x00000000d6070ef8,0x00000000d6980000)
  from space 2560K, 78% used [0x00000000d6c00000,0x00000000d6df6760,0x00000000d6e80000)
  to   space 2560K, 0% used [0x00000000d6980000,0x00000000d6980000,0x00000000d6c00000)
 ParOldGen       total 68608K, used 28498K [0x0000000080000000, 0x0000000084300000, 0x00000000d5580000)
  object space 68608K, 41% used [0x0000000080000000,0x0000000081bd4898,0x0000000084300000)
 Metaspace       used 34881K, committed 35840K, reserved 1114112K
  class space    used 3546K, committed 3968K, reserved 1048576K
}
Event: 8.183 GC heap after
{Heap after GC invocations=18 (full 1):
 PSYoungGen      total 21504K, used 675K [0x00000000d5580000, 0x00000000d6c80000, 0x0000000100000000)
  eden space 20480K, 0% used [0x00000000d5580000,0x00000000d5580000,0x00000000d6980000)
  from space 1024K, 65% used [0x00000000d6980000,0x00000000d6a28cd0,0x00000000d6a80000)
  to   space 1536K, 0% used [0x00000000d6b00000,0x00000000d6b00000,0x00000000d6c80000)
 ParOldGen       total 68608K, used 30324K [0x0000000080000000, 0x0000000084300000, 0x00000000d5580000)
  object space 68608K, 44% used [0x0000000080000000,0x0000000081d9d028,0x0000000084300000)
 Metaspace       used 34881K, committed 35840K, reserved 1114112K
  class space    used 3546K, committed 3968K, reserved 1048576K
}
Event: 8.183 GC heap before
{Heap before GC invocations=19 (full 2):
 PSYoungGen      total 21504K, used 675K [0x00000000d5580000, 0x00000000d6c80000, 0x0000000100000000)
  eden space 20480K, 0% used [0x00000000d5580000,0x00000000d5580000,0x00000000d6980000)
  from space 1024K, 65% used [0x00000000d6980000,0x00000000d6a28cd0,0x00000000d6a80000)
  to   space 1536K, 0% used [0x00000000d6b00000,0x00000000d6b00000,0x00000000d6c80000)
 ParOldGen       total 68608K, used 30324K [0x0000000080000000, 0x0000000084300000, 0x00000000d5580000)
  object space 68608K, 44% used [0x0000000080000000,0x0000000081d9d028,0x0000000084300000)
 Metaspace       used 34881K, committed 35840K, reserved 1114112K
  class space    used 3546K, committed 3968K, reserved 1048576K
}
Event: 8.247 GC heap after
{Heap after GC invocations=19 (full 2):
 PSYoungGen      total 21504K, used 0K [0x00000000d5580000, 0x00000000d6c80000, 0x0000000100000000)
  eden space 20480K, 0% used [0x00000000d5580000,0x00000000d5580000,0x00000000d6980000)
  from space 1024K, 0% used [0x00000000d6980000,0x00000000d6980000,0x00000000d6a80000)
  to   space 1536K, 0% used [0x00000000d6b00000,0x00000000d6b00000,0x00000000d6c80000)
 ParOldGen       total 68608K, used 29291K [0x0000000080000000, 0x0000000084300000, 0x00000000d5580000)
  object space 68608K, 42% used [0x0000000080000000,0x0000000081c9ae78,0x0000000084300000)
 Metaspace       used 34802K, committed 35840K, reserved 1114112K
  class space    used 3523K, committed 3968K, reserved 1048576K
}
Event: 8.349 GC heap before
{Heap before GC invocations=20 (full 2):
 PSYoungGen      total 21504K, used 20480K [0x00000000d5580000, 0x00000000d6c80000, 0x0000000100000000)
  eden space 20480K, 100% used [0x00000000d5580000,0x00000000d6980000,0x00000000d6980000)
  from space 1024K, 0% used [0x00000000d6980000,0x00000000d6980000,0x00000000d6a80000)
  to   space 1536K, 0% used [0x00000000d6b00000,0x00000000d6b00000,0x00000000d6c80000)
 ParOldGen       total 68608K, used 29291K [0x0000000080000000, 0x0000000084300000, 0x00000000d5580000)
  object space 68608K, 42% used [0x0000000080000000,0x0000000081c9ae78,0x0000000084300000)
 Metaspace       used 35056K, committed 36096K, reserved 1114112K
  class space    used 3540K, committed 4032K, reserved 1048576K
}
Event: 8.350 GC heap after
{Heap after GC invocations=20 (full 2):
 PSYoungGen      total 21504K, used 1530K [0x00000000d5580000, 0x00000000d6d80000, 0x0000000100000000)
  eden space 19968K, 0% used [0x00000000d5580000,0x00000000d5580000,0x00000000d6900000)
  from space 1536K, 99% used [0x00000000d6b00000,0x00000000d6c7eb20,0x00000000d6c80000)
  to   space 2048K, 0% used [0x00000000d6900000,0x00000000d6900000,0x00000000d6b00000)
 ParOldGen       total 68608K, used 29315K [0x0000000080000000, 0x0000000084300000, 0x00000000d5580000)
  object space 68608K, 42% used [0x0000000080000000,0x0000000081ca0e78,0x0000000084300000)
 Metaspace       used 35056K, committed 36096K, reserved 1114112K
  class space    used 3540K, committed 4032K, reserved 1048576K
}
Event: 8.434 GC heap before
{Heap before GC invocations=21 (full 2):
 PSYoungGen      total 21504K, used 21498K [0x00000000d5580000, 0x00000000d6d80000, 0x0000000100000000)
  eden space 19968K, 100% used [0x00000000d5580000,0x00000000d6900000,0x00000000d6900000)
  from space 1536K, 99% used [0x00000000d6b00000,0x00000000d6c7eb20,0x00000000d6c80000)
  to   space 2048K, 0% used [0x00000000d6900000,0x00000000d6900000,0x00000000d6b00000)
 ParOldGen       total 68608K, used 29315K [0x0000000080000000, 0x0000000084300000, 0x00000000d5580000)
  object space 68608K, 42% used [0x0000000080000000,0x0000000081ca0e78,0x0000000084300000)
 Metaspace       used 35909K, committed 36864K, reserved 1114112K
  class space    used 3628K, committed 4032K, reserved 1048576K
}
Event: 8.435 GC heap after
{Heap after GC invocations=21 (full 2):
 PSYoungGen      total 20480K, used 320K [0x00000000d5580000, 0x00000000d6b80000, 0x0000000100000000)
  eden space 19968K, 0% used [0x00000000d5580000,0x00000000d5580000,0x00000000d6900000)
  from space 512K, 62% used [0x00000000d6900000,0x00000000d6950000,0x00000000d6980000)
  to   space 1024K, 0% used [0x00000000d6a80000,0x00000000d6a80000,0x00000000d6b80000)
 ParOldGen       total 68608K, used 29403K [0x0000000080000000, 0x0000000084300000, 0x00000000d5580000)
  object space 68608K, 42% used [0x0000000080000000,0x0000000081cb6e78,0x0000000084300000)
 Metaspace       used 35909K, committed 36864K, reserved 1114112K
  class space    used 3628K, committed 4032K, reserved 1048576K
}
Event: 8.905 GC heap before
{Heap before GC invocations=22 (full 2):
 PSYoungGen      total 20480K, used 20252K [0x00000000d5580000, 0x00000000d6b80000, 0x0000000100000000)
  eden space 19968K, 99% used [0x00000000d5580000,0x00000000d68f7098,0x00000000d6900000)
  from space 512K, 62% used [0x00000000d6900000,0x00000000d6950000,0x00000000d6980000)
  to   space 1024K, 0% used [0x00000000d6a80000,0x00000000d6a80000,0x00000000d6b80000)
 ParOldGen       total 68608K, used 29403K [0x0000000080000000, 0x0000000084300000, 0x00000000d5580000)
  object space 68608K, 42% used [0x0000000080000000,0x0000000081cb6e78,0x0000000084300000)
 Metaspace       used 37063K, committed 37952K, reserved 1114112K
  class space    used 3755K, committed 4160K, reserved 1048576K
}
Event: 8.906 GC heap after
{Heap after GC invocations=22 (full 2):
 PSYoungGen      total 20480K, used 480K [0x00000000d5580000, 0x00000000d6b00000, 0x0000000100000000)
  eden space 19968K, 0% used [0x00000000d5580000,0x00000000d5580000,0x00000000d6900000)
  from space 512K, 93% used [0x00000000d6a80000,0x00000000d6af8000,0x00000000d6b00000)
  to   space 1024K, 0% used [0x00000000d6900000,0x00000000d6900000,0x00000000d6a00000)
 ParOldGen       total 68608K, used 29451K [0x0000000080000000, 0x0000000084300000, 0x00000000d5580000)
  object space 68608K, 42% used [0x0000000080000000,0x0000000081cc2e78,0x0000000084300000)
 Metaspace       used 37063K, committed 37952K, reserved 1114112K
  class space    used 3755K, committed 4160K, reserved 1048576K
}
Event: 10.367 GC heap before
{Heap before GC invocations=23 (full 2):
 PSYoungGen      total 20480K, used 20448K [0x00000000d5580000, 0x00000000d6b00000, 0x0000000100000000)
  eden space 19968K, 100% used [0x00000000d5580000,0x00000000d6900000,0x00000000d6900000)
  from space 512K, 93% used [0x00000000d6a80000,0x00000000d6af8000,0x00000000d6b00000)
  to   space 1024K, 0% used [0x00000000d6900000,0x00000000d6900000,0x00000000d6a00000)
 ParOldGen       total 68608K, used 29451K [0x0000000080000000, 0x0000000084300000, 0x00000000d5580000)
  object space 68608K, 42% used [0x0000000080000000,0x0000000081cc2e78,0x0000000084300000)
 Metaspace       used 38851K, committed 39808K, reserved 1114112K
  class space    used 3927K, committed 4352K, reserved 1048576K
}

